<?xml version="1.0" encoding="UTF-8"?>
<testng-results ignored="0" total="2" passed="2" failed="0" skipped="0">
  <reporter-output>
  </reporter-output>
  <suite started-at="2025-02-05T03:59:30 EST" name="Default suite" finished-at="2025-02-05T04:00:01 EST" duration-ms="31090">
    <groups>
    </groups>
    <test started-at="2025-02-05T03:59:30 EST" name="Default test" finished-at="2025-02-05T04:00:01 EST" duration-ms="31090">
      <class name="com.luma.tests.LumaTest">
        <test-method is-config="true" signature="setUp()[pri:0, instance:com.luma.tests.LumaTest@481a996b]" started-at="2025-02-05T03:59:30 EST" name="setUp" finished-at="2025-02-05T03:59:48 EST" duration-ms="17571" status="PASS">
          <reporter-output>
          </reporter-output>
        </test-method> <!-- setUp -->
        <test-method signature="testAddSingleItemToCart()[pri:0, instance:com.luma.tests.LumaTest@481a996b]" started-at="2025-02-05T03:59:48 EST" name="testAddSingleItemToCart" finished-at="2025-02-05T03:59:52 EST" duration-ms="4175" status="PASS">
          <reporter-output>
          </reporter-output>
        </test-method> <!-- testAddSingleItemToCart -->
        <test-method is-config="true" signature="tearDown()[pri:0, instance:com.luma.tests.LumaTest@481a996b]" started-at="2025-02-05T03:59:52 EST" name="tearDown" finished-at="2025-02-05T03:59:52 EST" duration-ms="339" status="PASS">
          <reporter-output>
          </reporter-output>
        </test-method> <!-- tearDown -->
        <test-method is-config="true" signature="setUp()[pri:0, instance:com.luma.tests.LumaTest@481a996b]" started-at="2025-02-05T03:59:52 EST" name="setUp" finished-at="2025-02-05T03:59:59 EST" duration-ms="6856" status="PASS">
          <reporter-output>
          </reporter-output>
        </test-method> <!-- setUp -->
        <test-method signature="testAddZeroQuantityItem()[pri:0, instance:com.luma.tests.LumaTest@481a996b]" started-at="2025-02-05T03:59:59 EST" name="testAddZeroQuantityItem" finished-at="2025-02-05T04:00:01 EST" duration-ms="1847" status="PASS">
          <reporter-output>
          </reporter-output>
        </test-method> <!-- testAddZeroQuantityItem -->
        <test-method is-config="true" signature="tearDown()[pri:0, instance:com.luma.tests.LumaTest@481a996b]" started-at="2025-02-05T04:00:01 EST" name="tearDown" finished-at="2025-02-05T04:00:01 EST" duration-ms="259" status="PASS">
          <reporter-output>
          </reporter-output>
        </test-method> <!-- tearDown -->
      </class> <!-- com.luma.tests.LumaTest -->
    </test> <!-- Default test -->
  </suite> <!-- Default suite -->
</testng-results>
